<?xml version="1.0" encoding="UTF-8"?>
<!-- Generated by org.testng.reporters.JUnitXMLReporter -->
<testsuite ignored="0" hostname="LAPTOP-MVBLOJCL" failures="0" tests="8" name="Surefire test" time="74.42" errors="0" timestamp="2024-12-08T16:42:56 AST">
  <testcase classname="com.test.HomeTest" name="VerifySwagLabHeading" time="1.251"/>
  <testcase classname="com.test.HomeTest" name="ProductHeadingTest" time="0.789"/>
  <testcase classname="com.test.LoginTest" name="LoginDisplayed" time="0.103"/>
  <testcase classname="com.test.LoginTest" name="VerifyAlertMessage" time="0.372"/>
  <testcase classname="com.test.SwagLabTests" name="EmptyUsernamePassword" time="0.342"/>
  <testcase classname="com.test.SwagLabTests" name="LoginDisplayed" time="0.047"/>
  <testcase classname="com.test.SwagLabTests" name="ProductHeading" time="5.895"/>
  <testcase classname="com.test.SwagLabTests" name="VerifySwagLabsHeading" time="0.591"/>
</testsuite> <!-- Surefire test -->
