<?xml version="1.0" encoding="UTF-8"?>
<!-- Generated by org.testng.reporters.JUnitXMLReporter -->
<testsuite ignored="0" hostname="LAPTOP-MVBLOJCL" failures="0" tests="4" name="Test" time="34.934" errors="0" timestamp="2024-12-08T14:52:01 GMT+03:00">
  <testcase classname="com.test.LoginTest" name="LoginDisplayed" time="0.113"/>
  <testcase classname="com.test.LoginTest" name="VerifyAlertMessage" time="0.335"/>
  <testcase classname="com.test.HomeTest" name="VerifySwagLabHeading" time="0.956"/>
  <testcase classname="com.test.HomeTest" name="ProductHeadingTest" time="0.944"/>
</testsuite> <!-- Test -->
