<?xml version="1.0" encoding="UTF-8"?>
<testsuite xmlns:xsi="http://www.w3.org/2001/XMLSchema-instance" xsi:noNamespaceSchemaLocation="https://maven.apache.org/surefire/maven-surefire-plugin/xsd/surefire-test-report-3.0.xsd" version="3.0" name="TestSuite" time="85.363" tests="8" errors="0" skipped="0" failures="0">
  <properties>
[...]
</properties>
  <testcase name="VerifySwagLabHeading" classname="com.test.HomeTest" time="1.259">
    <system-err><![CDATA[SLF4J: Failed to load class "org.slf4j.impl.StaticLoggerBinder".
SLF4J: Defaulting to no-operation (NOP) logger implementation
SLF4J: See http://www.slf4j.org/codes.html#StaticLoggerBinder for further details.
Dec 08, 2024 4:42:00 PM org.openqa.selenium.firefox.FirefoxDriver <init>
WARNING: CDP support for Firefox is deprecated and will be removed in future versions. Please switch to WebDriver BiDi.
]]></system-err>
  </testcase>
  <testcase name="ProductHeadingTest" classname="com.test.HomeTest" time="0.788">
    <system-err><![CDATA[Dec 08, 2024 4:42:16 PM org.openqa.selenium.firefox.FirefoxDriver <init>
WARNING: CDP support for Firefox is deprecated and will be removed in future versions. Please switch to WebDriver BiDi.
]]></system-err>
  </testcase>
  <testcase name="LoginDisplayed" classname="com.test.LoginTest" time="0.097">
    <system-err><![CDATA[Dec 08, 2024 4:42:29 PM org.openqa.selenium.firefox.FirefoxDriver <init>
WARNING: CDP support for Firefox is deprecated and will be removed in future versions. Please switch to WebDriver BiDi.
]]></system-err>
  </testcase>
  <testcase name="VerifyAlertMessage" classname="com.test.LoginTest" time="0.372">
    <system-err><![CDATA[Dec 08, 2024 4:42:42 PM org.openqa.selenium.firefox.FirefoxDriver <init>
WARNING: CDP support for Firefox is deprecated and will be removed in future versions. Please switch to WebDriver BiDi.
]]></system-err>
  </testcase>
  <testcase name="EmptyUsernamePassword" classname="com.test.SwagLabTests" time="0.338"/>
  <testcase name="LoginDisplayed" classname="com.test.SwagLabTests" time="0.047"/>
  <testcase name="ProductHeading" classname="com.test.SwagLabTests" time="5.895"/>
  <testcase name="VerifySwagLabsHeading" classname="com.test.SwagLabTests" time="0.592"/>
</testsuite>