<?xml version="1.0" encoding="UTF-8"?>
<testng-results ignored="0" total="8" passed="8" failed="0" skipped="0">
  <reporter-output>
  </reporter-output>
  <suite started-at="2024-12-08T16:41:41 AST" name="Surefire suite" finished-at="2024-12-08T16:42:56 AST" duration-ms="74420">
    <groups>
    </groups>
    <test started-at="2024-12-08T16:41:41 AST" name="Surefire test" finished-at="2024-12-08T16:42:56 AST" duration-ms="74420">
      <class name="com.test.SwagLabTests">
        <test-method is-config="true" signature="SetUp()[pri:0, instance:com.test.SwagLabTests@338494fa]" started-at="2024-12-08T16:41:41 AST" name="SetUp" finished-at="2024-12-08T16:41:46 AST" duration-ms="5187" status="PASS">
          <reporter-output>
          </reporter-output>
        </test-method> <!-- SetUp -->
        <test-method signature="EmptyUsernamePassword()[pri:0, instance:com.test.SwagLabTests@338494fa]" started-at="2024-12-08T16:42:49 AST" name="EmptyUsernamePassword" finished-at="2024-12-08T16:42:49 AST" duration-ms="342" status="PASS">
          <reporter-output>
          </reporter-output>
        </test-method> <!-- EmptyUsernamePassword -->
        <test-method signature="LoginDisplayed()[pri:0, instance:com.test.SwagLabTests@338494fa]" started-at="2024-12-08T16:42:49 AST" name="LoginDisplayed" finished-at="2024-12-08T16:42:49 AST" duration-ms="47" status="PASS">
          <reporter-output>
          </reporter-output>
        </test-method> <!-- LoginDisplayed -->
        <test-method signature="ProductHeading()[pri:0, instance:com.test.SwagLabTests@338494fa]" started-at="2024-12-08T16:42:49 AST" name="ProductHeading" finished-at="2024-12-08T16:42:55 AST" duration-ms="5895" status="PASS">
          <reporter-output>
          </reporter-output>
        </test-method> <!-- ProductHeading -->
        <test-method signature="VerifySwagLabsHeading()[pri:0, instance:com.test.SwagLabTests@338494fa]" started-at="2024-12-08T16:42:55 AST" name="VerifySwagLabsHeading" finished-at="2024-12-08T16:42:56 AST" duration-ms="591" status="PASS">
          <reporter-output>
          </reporter-output>
        </test-method> <!-- VerifySwagLabsHeading -->
      </class> <!-- com.test.SwagLabTests -->
      <class name="com.test.HomeTest">
        <test-method is-config="true" signature="SetUp()[pri:0, instance:com.test.HomeTest@50ad3bc1]" started-at="2024-12-08T16:41:46 AST" name="SetUp" finished-at="2024-12-08T16:42:05 AST" duration-ms="18165" status="PASS">
          <reporter-output>
          </reporter-output>
        </test-method> <!-- SetUp -->
        <test-method signature="VerifySwagLabHeading()[pri:0, instance:com.test.HomeTest@50ad3bc1]" started-at="2024-12-08T16:42:05 AST" name="VerifySwagLabHeading" finished-at="2024-12-08T16:42:06 AST" duration-ms="1251" status="PASS">
          <reporter-output>
          </reporter-output>
        </test-method> <!-- VerifySwagLabHeading -->
        <test-method is-config="true" signature="TearDown()[pri:0, instance:com.test.HomeTest@50ad3bc1]" started-at="2024-12-08T16:42:06 AST" name="TearDown" finished-at="2024-12-08T16:42:08 AST" duration-ms="2401" status="PASS">
          <reporter-output>
          </reporter-output>
        </test-method> <!-- TearDown -->
        <test-method is-config="true" signature="SetUp()[pri:0, instance:com.test.HomeTest@50ad3bc1]" started-at="2024-12-08T16:42:08 AST" name="SetUp" finished-at="2024-12-08T16:42:20 AST" duration-ms="11666" status="PASS">
          <reporter-output>
          </reporter-output>
        </test-method> <!-- SetUp -->
        <test-method signature="ProductHeadingTest()[pri:1, instance:com.test.HomeTest@50ad3bc1]" started-at="2024-12-08T16:42:20 AST" name="ProductHeadingTest" finished-at="2024-12-08T16:42:21 AST" duration-ms="789" status="PASS">
          <reporter-output>
          </reporter-output>
        </test-method> <!-- ProductHeadingTest -->
        <test-method is-config="true" signature="TearDown()[pri:0, instance:com.test.HomeTest@50ad3bc1]" started-at="2024-12-08T16:42:21 AST" name="TearDown" finished-at="2024-12-08T16:42:22 AST" duration-ms="1694" status="PASS">
          <reporter-output>
          </reporter-output>
        </test-method> <!-- TearDown -->
      </class> <!-- com.test.HomeTest -->
      <class name="com.test.LoginTest">
        <test-method is-config="true" signature="SetUp()[pri:0, instance:com.test.LoginTest@223aa2f7]" started-at="2024-12-08T16:42:22 AST" name="SetUp" finished-at="2024-12-08T16:42:33 AST" duration-ms="10980" status="PASS">
          <reporter-output>
          </reporter-output>
        </test-method> <!-- SetUp -->
        <test-method signature="LoginDisplayed()[pri:0, instance:com.test.LoginTest@223aa2f7]" started-at="2024-12-08T16:42:33 AST" name="LoginDisplayed" finished-at="2024-12-08T16:42:34 AST" duration-ms="103" status="PASS">
          <reporter-output>
          </reporter-output>
        </test-method> <!-- LoginDisplayed -->
        <test-method is-config="true" signature="TearDown()[pri:0, instance:com.test.LoginTest@223aa2f7]" started-at="2024-12-08T16:42:34 AST" name="TearDown" finished-at="2024-12-08T16:42:35 AST" duration-ms="1762" status="PASS">
          <reporter-output>
          </reporter-output>
        </test-method> <!-- TearDown -->
        <test-method is-config="true" signature="SetUp()[pri:0, instance:com.test.LoginTest@223aa2f7]" started-at="2024-12-08T16:42:35 AST" name="SetUp" finished-at="2024-12-08T16:42:47 AST" duration-ms="11237" status="PASS">
          <reporter-output>
          </reporter-output>
        </test-method> <!-- SetUp -->
        <test-method signature="VerifyAlertMessage()[pri:1, instance:com.test.LoginTest@223aa2f7]" started-at="2024-12-08T16:42:47 AST" name="VerifyAlertMessage" finished-at="2024-12-08T16:42:47 AST" duration-ms="372" status="PASS">
          <reporter-output>
          </reporter-output>
        </test-method> <!-- VerifyAlertMessage -->
        <test-method is-config="true" signature="TearDown()[pri:0, instance:com.test.LoginTest@223aa2f7]" started-at="2024-12-08T16:42:47 AST" name="TearDown" finished-at="2024-12-08T16:42:49 AST" duration-ms="1831" status="PASS">
          <reporter-output>
          </reporter-output>
        </test-method> <!-- TearDown -->
      </class> <!-- com.test.LoginTest -->
    </test> <!-- Surefire test -->
  </suite> <!-- Surefire suite -->
</testng-results>
