<?xml version="1.0" encoding="UTF-8"?>
<testng-results ignored="0" total="4" passed="4" failed="0" skipped="0">
  <reporter-output>
  </reporter-output>
  <suite started-at="2024-12-08T14:51:26 GMT+03:00" name="Suite" finished-at="2024-12-08T14:52:01 GMT+03:00" duration-ms="34934">
    <groups>
    </groups>
    <test started-at="2024-12-08T14:51:26 GMT+03:00" name="Test" finished-at="2024-12-08T14:52:01 GMT+03:00" duration-ms="34934">
      <class name="com.test.HomeTest">
        <test-method is-config="true" signature="SetUp()[pri:0, instance:com.test.HomeTest@6302bbb1]" started-at="2024-12-08T14:51:42 GMT+03:00" name="SetUp" finished-at="2024-12-08T14:51:50 GMT+03:00" duration-ms="8380" status="PASS">
          <reporter-output>
          </reporter-output>
        </test-method> <!-- SetUp -->
        <test-method signature="VerifySwagLabHeading()[pri:0, instance:com.test.HomeTest@6302bbb1]" started-at="2024-12-08T14:51:50 GMT+03:00" name="VerifySwagLabHeading" finished-at="2024-12-08T14:51:51 GMT+03:00" duration-ms="956" status="PASS">
          <reporter-output>
          </reporter-output>
        </test-method> <!-- VerifySwagLabHeading -->
        <test-method is-config="true" signature="TearDown()[pri:0, instance:com.test.HomeTest@6302bbb1]" started-at="2024-12-08T14:51:51 GMT+03:00" name="TearDown" finished-at="2024-12-08T14:51:51 GMT+03:00" duration-ms="303" status="PASS">
          <reporter-output>
          </reporter-output>
        </test-method> <!-- TearDown -->
        <test-method is-config="true" signature="SetUp()[pri:0, instance:com.test.HomeTest@6302bbb1]" started-at="2024-12-08T14:51:51 GMT+03:00" name="SetUp" finished-at="2024-12-08T14:52:00 GMT+03:00" duration-ms="8636" status="PASS">
          <reporter-output>
          </reporter-output>
        </test-method> <!-- SetUp -->
        <test-method signature="ProductHeadingTest()[pri:1, instance:com.test.HomeTest@6302bbb1]" started-at="2024-12-08T14:52:00 GMT+03:00" name="ProductHeadingTest" finished-at="2024-12-08T14:52:01 GMT+03:00" duration-ms="944" status="PASS">
          <reporter-output>
          </reporter-output>
        </test-method> <!-- ProductHeadingTest -->
        <test-method is-config="true" signature="TearDown()[pri:0, instance:com.test.HomeTest@6302bbb1]" started-at="2024-12-08T14:52:01 GMT+03:00" name="TearDown" finished-at="2024-12-08T14:52:01 GMT+03:00" duration-ms="452" status="PASS">
          <reporter-output>
          </reporter-output>
        </test-method> <!-- TearDown -->
      </class> <!-- com.test.HomeTest -->
      <class name="com.test.LoginTest">
        <test-method is-config="true" signature="SetUp()[pri:0, instance:com.test.LoginTest@4135c3b]" started-at="2024-12-08T14:51:26 GMT+03:00" name="SetUp" finished-at="2024-12-08T14:51:35 GMT+03:00" duration-ms="8581" status="PASS">
          <reporter-output>
          </reporter-output>
        </test-method> <!-- SetUp -->
        <test-method signature="LoginDisplayed()[pri:0, instance:com.test.LoginTest@4135c3b]" started-at="2024-12-08T14:51:35 GMT+03:00" name="LoginDisplayed" finished-at="2024-12-08T14:51:35 GMT+03:00" duration-ms="113" status="PASS">
          <reporter-output>
          </reporter-output>
        </test-method> <!-- LoginDisplayed -->
        <test-method is-config="true" signature="TearDown()[pri:0, instance:com.test.LoginTest@4135c3b]" started-at="2024-12-08T14:51:35 GMT+03:00" name="TearDown" finished-at="2024-12-08T14:51:36 GMT+03:00" duration-ms="324" status="PASS">
          <reporter-output>
          </reporter-output>
        </test-method> <!-- TearDown -->
        <test-method is-config="true" signature="SetUp()[pri:0, instance:com.test.LoginTest@4135c3b]" started-at="2024-12-08T14:51:36 GMT+03:00" name="SetUp" finished-at="2024-12-08T14:51:41 GMT+03:00" duration-ms="5489" status="PASS">
          <reporter-output>
          </reporter-output>
        </test-method> <!-- SetUp -->
        <test-method signature="VerifyAlertMessage()[pri:1, instance:com.test.LoginTest@4135c3b]" started-at="2024-12-08T14:51:41 GMT+03:00" name="VerifyAlertMessage" finished-at="2024-12-08T14:51:41 GMT+03:00" duration-ms="335" status="PASS">
          <reporter-output>
          </reporter-output>
        </test-method> <!-- VerifyAlertMessage -->
        <test-method is-config="true" signature="TearDown()[pri:0, instance:com.test.LoginTest@4135c3b]" started-at="2024-12-08T14:51:41 GMT+03:00" name="TearDown" finished-at="2024-12-08T14:51:42 GMT+03:00" duration-ms="298" status="PASS">
          <reporter-output>
          </reporter-output>
        </test-method> <!-- TearDown -->
      </class> <!-- com.test.LoginTest -->
    </test> <!-- Test -->
  </suite> <!-- Suite -->
</testng-results>
